Application: [Information] starting up
Application: [Information] shutting down
Application: [Information] starting up
Application: [Information] Running server... 0d 00:00:00.000
Application: [Information] starting up
Application: [Information] Running server... 0d 00:00:00.000
logger1: [Information] GetUsers
logger1: [Information] GetUsers
logger1: [Information] GetUsers
logger1: [Information] GetUsers
logger1: [Information] GetUsers
logger1: [Information] GetUsers
logger1: [Information] GetUsers
logger1: [Information] GetUsers
logger1: [Information] GetUsers
logger1: [Information] GetUsers
Application: [Information] starting up
Application: [Information] Running server... 0d 00:00:00.000
logger1: [Information] GetUsers
logger1: [Information] GetUsers
logger1: [Information] GetUsers
logger1: [Information] GetUsers
logger1: [Information] GetUsers
logger1: [Information] GetUsers
logger1: [Information] GetUsers
logger1: [Information] GetUsers
logger1: [Information] GetUsers
logger1: [Information] GetUsers
Application: [Information] starting up
Application: [Information] Running server... 0d 00:00:00.000
Application: [Information] starting up
Application: [Information] Running server... 0d 00:00:00.000
Application: [Information] starting up
Application: [Information] Running server... 0d 00:00:00.000
Application: [Information] starting up
Application: [Information] Running server... 0d 00:00:00.000
Application: [Information] starting up
Application: [Information] Running server... 0d 00:00:00.000
Application: [Error] TNonblockingServer::serve() bind: Address already in use
Application: [Information] shutting down
Application: [Information] starting up
Application: [Information] Running server... 0d 00:00:00.118
Application: [Information] starting up
Application: [Information] Running server... 0d 00:00:00.000
Application: [Information] starting up
Application: [Information] Running server... 0d 00:00:00.000
Application: [Information] starting up
Application: [Information] Running server... 0d 00:00:00.000
Application: [Information] starting up
Application: [Information] Running server... 0d 00:00:00.000
Application: [Information] starting up
Application: [Information] Running server... 0d 00:00:00.044
